#
# There is insufficient memory for the Java Runtime Environment to continue.
# Native memory allocation (malloc) failed to allocate 107936 bytes for Chunk::new
# Possible reasons:
#   The system is out of physical RAM or swap space
#   In 32 bit mode, the process size limit was hit
# Possible solutions:
#   Reduce memory load on the system
#   Increase physical memory or swap space
#   Check if swap backing store is full
#   Use 64 bit Java on a 64 bit OS
#   Decrease Java heap size (-Xmx/-Xms)
#   Decrease number of Java threads
#   Decrease Java thread stack sizes (-Xss)
#   Set larger code cache with -XX:ReservedCodeCacheSize=
# This output file may be truncated or incomplete.
#
#  Out of Memory Error (allocation.cpp:323), pid=14080, tid=9412
#
# JRE version: Java(TM) SE Runtime Environment (7.0_67-b01) (build 1.7.0_67-b01)
# Java VM: Java HotSpot(TM) 64-Bit Server VM (24.65-b04 mixed mode windows-amd64 compressed oops)
# Failed to write core dump. Minidumps are not enabled by default on client versions of Windows
#

---------------  T H R E A D  ---------------

Current thread (0x000000000cc57800):  JavaThread "C2 CompilerThread0" daemon [_thread_in_native, id=9412, stack(0x000000000e1b0000,0x000000000e2b0000)]

Stack: [0x000000000e1b0000,0x000000000e2b0000]

Current CompileTask:
C2:   7217  209             java.util.TimSort::gallopLeft (335 bytes)


---------------  P R O C E S S  ---------------

Java Threads: ( => current thread )
  0x000000000cc73800 JavaThread "Service Thread" daemon [_thread_blocked, id=9320, stack(0x000000000e3b0000,0x000000000e4b0000)]
  0x000000000cc5c800 JavaThread "C2 CompilerThread1" daemon [_thread_in_native, id=6188, stack(0x000000000e2b0000,0x000000000e3b0000)]
=>0x000000000cc57800 JavaThread "C2 CompilerThread0" daemon [_thread_in_native, id=9412, stack(0x000000000e1b0000,0x000000000e2b0000)]
  0x000000000cc57000 JavaThread "Attach Listener" daemon [_thread_blocked, id=2260, stack(0x000000000e0b0000,0x000000000e1b0000)]
  0x000000000cc54000 JavaThread "Signal Dispatcher" daemon [_thread_blocked, id=16212, stack(0x000000000dfb0000,0x000000000e0b0000)]
  0x000000000cc0f000 JavaThread "Finalizer" daemon [_thread_blocked, id=2460, stack(0x000000000deb0000,0x000000000dfb0000)]
  0x000000000cc05800 JavaThread "Reference Handler" daemon [_thread_blocked, id=14372, stack(0x000000000ddb0000,0x000000000deb0000)]
  0x0000000004480800 JavaThread "main" [_thread_in_vm, id=13068, stack(0x0000000002bb0000,0x0000000002cb0000)]

Other Threads:
  0x000000000cc01800 VMThread [stack: 0x000000000dcb0000,0x000000000ddb0000] [id=3652]
  0x000000000cc7c800 WatcherThread [stack: 0x000000000e4b0000,0x000000000e5b0000] [id=1684]

VM state:not at safepoint (normal execution)

VM Mutex/Monitor currently owned by a thread: None

Heap
 PSYoungGen      total 212480K, used 189258K [0x00000007d5d00000, 0x00000007e6600000, 0x0000000800000000)
  eden space 198656K, 89% used [0x00000007d5d00000,0x00000007e09ea6e0,0x00000007e1f00000)
  from space 13824K, 88% used [0x00000007e3c00000,0x00000007e47e8320,0x00000007e4980000)
  to   space 29184K, 0% used [0x00000007e4980000,0x00000007e4980000,0x00000007e6600000)
 ParOldGen       total 86016K, used 85768K [0x0000000781800000, 0x0000000786c00000, 0x00000007d5d00000)
  object space 86016K, 99% used [0x0000000781800000,0x0000000786bc21a0,0x0000000786c00000)
 PSPermGen       total 21504K, used 3261K [0x000000077c600000, 0x000000077db00000, 0x0000000781800000)
  object space 21504K, 15% used [0x000000077c600000,0x000000077c92f5a0,0x000000077db00000)

Card table byte_map: [0x00000000079d0000,0x0000000007df0000] byte_map_base: 0x0000000003ded000

Polling page: 0x00000000026b0000

Code Cache  [0x0000000004910000, 0x0000000004b80000, 0x0000000007910000)
 total_blobs=394 nmethods=200 adapters=146 free_code_cache=48328Kb largest_free_block=49455936

Compilation events (10 events):
Event: 7.174 Thread 0x000000000cc5c800 nmethod 205 0x00000000049d0510 code [0x00000000049d0660, 0x00000000049d07d8]
Event: 7.174 Thread 0x000000000cc5c800  206             java.util.ArrayList::set (20 bytes)
Event: 7.175 Thread 0x000000000cc5c800 nmethod 206 0x00000000049d0150 code [0x00000000049d02a0, 0x00000000049d03b8]
Event: 7.175 Thread 0x000000000cc5c800  207 %           test.SplitFile::tf @ 294 (500 bytes)
Event: 7.202 Thread 0x000000000cc5c800 nmethod 207% 0x00000000049e0150 code [0x00000000049e03e0, 0x00000000049e17f0]
Event: 7.202 Thread 0x000000000cc5c800  208             java.util.Collections::sort (53 bytes)
Event: 7.210 Thread 0x000000000cc57800 nmethod 204 0x00000000049dd750 code [0x00000000049dd920, 0x00000000049df358]
Event: 7.211 Thread 0x000000000cc57800  209             java.util.TimSort::gallopLeft (335 bytes)
Event: 7.213 Thread 0x000000000cc5c800 nmethod 208 0x00000000049cf710 code [0x00000000049cf880, 0x00000000049cfdc8]
Event: 7.213 Thread 0x000000000cc5c800  210             java.util.TimSort::gallopRight (335 bytes)

GC Heap History (10 events):
Event: 5.531 GC heap before
{Heap before GC invocations=40 (full 0):
 PSYoungGen      total 90112K, used 90106K [0x00000007d5d00000, 0x00000007e5900000, 0x0000000800000000)
  eden space 87040K, 100% used [0x00000007d5d00000,0x00000007db200000,0x00000007db200000)
  from space 3072K, 99% used [0x00000007e5380000,0x00000007e567eb50,0x00000007e5680000)
  to   space 2560K, 0% used [0x00000007e5680000,0x00000007e5680000,0x00000007e5900000)
 ParOldGen       total 86016K, used 11396K [0x0000000781800000, 0x0000000786c00000, 0x00000007d5d00000)
  object space 86016K, 13% used [0x0000000781800000,0x00000007823210f8,0x0000000786c00000)
 PSPermGen       total 21504K, used 3219K [0x000000077c600000, 0x000000077db00000, 0x0000000781800000)
  object space 21504K, 14% used [0x000000077c600000,0x000000077c924f58,0x000000077db00000)
Event: 5.534 GC heap after
Heap after GC invocations=40 (full 0):
 PSYoungGen      total 111616K, used 2559K [0x00000007d5d00000, 0x00000007e5900000, 0x0000000800000000)
  eden space 109056K, 0% used [0x00000007d5d00000,0x00000007d5d00000,0x00000007dc780000)
  from space 2560K, 99% used [0x00000007e5680000,0x00000007e58ffcb0,0x00000007e5900000)
  to   space 7680K, 0% used [0x00000007e4a00000,0x00000007e4a00000,0x00000007e5180000)
 ParOldGen       total 86016K, used 18006K [0x0000000781800000, 0x0000000786c00000, 0x00000007d5d00000)
  object space 86016K, 20% used [0x0000000781800000,0x00000007829958b8,0x0000000786c00000)
 PSPermGen       total 21504K, used 3219K [0x000000077c600000, 0x000000077db00000, 0x0000000781800000)
  object space 21504K, 14% used [0x000000077c600000,0x000000077c924f58,0x000000077db00000)
}
Event: 5.713 GC heap before
{Heap before GC invocations=41 (full 0):
 PSYoungGen      total 111616K, used 111615K [0x00000007d5d00000, 0x00000007e5900000, 0x0000000800000000)
  eden space 109056K, 100% used [0x00000007d5d00000,0x00000007dc780000,0x00000007dc780000)
  from space 2560K, 99% used [0x00000007e5680000,0x00000007e58ffcb0,0x00000007e5900000)
  to   space 7680K, 0% used [0x00000007e4a00000,0x00000007e4a00000,0x00000007e5180000)
 ParOldGen       total 86016K, used 18006K [0x0000000781800000, 0x0000000786c00000, 0x00000007d5d00000)
  object space 86016K, 20% used [0x0000000781800000,0x00000007829958b8,0x0000000786c00000)
 PSPermGen       total 21504K, used 3223K [0x000000077c600000, 0x000000077db00000, 0x0000000781800000)
  object space 21504K, 14% used [0x000000077c600000,0x000000077c925e58,0x000000077db00000)
Event: 5.716 GC heap after
Heap after GC invocations=41 (full 0):
 PSYoungGen      total 140800K, used 7525K [0x00000007d5d00000, 0x00000007e5700000, 0x0000000800000000)
  eden space 133120K, 0% used [0x00000007d5d00000,0x00000007d5d00000,0x00000007ddf00000)
  from space 7680K, 97% used [0x00000007e4a00000,0x00000007e5159498,0x00000007e5180000)
  to   space 5632K, 0% used [0x00000007e5180000,0x00000007e5180000,0x00000007e5700000)
 ParOldGen       total 86016K, used 20467K [0x0000000781800000, 0x0000000786c00000, 0x00000007d5d00000)
  object space 86016K, 23% used [0x0000000781800000,0x0000000782bfce38,0x0000000786c00000)
 PSPermGen       total 21504K, used 3223K [0x000000077c600000, 0x000000077db00000, 0x0000000781800000)
  object space 21504K, 14% used [0x000000077c600000,0x000000077c925e58,0x000000077db00000)
}
Event: 5.949 GC heap before
{Heap before GC invocations=42 (full 0):
 PSYoungGen      total 140800K, used 140645K [0x00000007d5d00000, 0x00000007e5700000, 0x0000000800000000)
  eden space 133120K, 100% used [0x00000007d5d00000,0x00000007ddf00000,0x00000007ddf00000)
  from space 7680K, 97% used [0x00000007e4a00000,0x00000007e5159498,0x00000007e5180000)
  to   space 5632K, 0% used [0x00000007e5180000,0x00000007e5180000,0x00000007e5700000)
 ParOldGen       total 86016K, used 20467K [0x0000000781800000, 0x0000000786c00000, 0x00000007d5d00000)
  object space 86016K, 23% used [0x0000000781800000,0x0000000782bfce38,0x0000000786c00000)
 PSPermGen       total 21504K, used 3224K [0x000000077c600000, 0x000000077db00000, 0x0000000781800000)
  object space 21504K, 14% used [0x000000077c600000,0x000000077c926100,0x000000077db00000)
Event: 5.954 GC heap after
Heap after GC invocations=42 (full 0):
 PSYoungGen      total 168448K, used 5631K [0x00000007d5d00000, 0x00000007e5700000, 0x0000000800000000)
  eden space 162816K, 0% used [0x00000007d5d00000,0x00000007d5d00000,0x00000007dfc00000)
  from space 5632K, 99% used [0x00000007e5180000,0x00000007e56fff70,0x00000007e5700000)
  to   space 13824K, 0% used [0x00000007e3c00000,0x00000007e3c00000,0x00000007e4980000)
 ParOldGen       total 86016K, used 31602K [0x0000000781800000, 0x0000000786c00000, 0x00000007d5d00000)
  object space 86016K, 36% used [0x0000000781800000,0x00000007836dca18,0x0000000786c00000)
 PSPermGen       total 21504K, used 3224K [0x000000077c600000, 0x000000077db00000, 0x0000000781800000)
  object space 21504K, 14% used [0x000000077c600000,0x000000077c926100,0x000000077db00000)
}
Event: 6.159 GC heap before
{Heap before GC invocations=43 (full 0):
 PSYoungGen      total 168448K, used 168447K [0x00000007d5d00000, 0x00000007e5700000, 0x0000000800000000)
  eden space 162816K, 100% used [0x00000007d5d00000,0x00000007dfc00000,0x00000007dfc00000)
  from space 5632K, 99% used [0x00000007e5180000,0x00000007e56fff70,0x00000007e5700000)
  to   space 13824K, 0% used [0x00000007e3c00000,0x00000007e3c00000,0x00000007e4980000)
 ParOldGen       total 86016K, used 31602K [0x0000000781800000, 0x0000000786c00000, 0x00000007d5d00000)
  object space 86016K, 36% used [0x0000000781800000,0x00000007836dca18,0x0000000786c00000)
 PSPermGen       total 21504K, used 3224K [0x000000077c600000, 0x000000077db00000, 0x0000000781800000)
  object space 21504K, 14% used [0x000000077c600000,0x000000077c926100,0x000000077db00000)
Event: 6.210 GC heap after
Heap after GC invocations=43 (full 0):
 PSYoungGen      total 212480K, used 13821K [0x00000007d5d00000, 0x00000007e6600000, 0x0000000800000000)
  eden space 198656K, 0% used [0x00000007d5d00000,0x00000007d5d00000,0x00000007e1f00000)
  from space 13824K, 99% used [0x00000007e3c00000,0x00000007e497f470,0x00000007e4980000)
  to   space 29184K, 0% used [0x00000007e4980000,0x00000007e4980000,0x00000007e6600000)
 ParOldGen       total 86016K, used 85205K [0x0000000781800000, 0x0000000786c00000, 0x00000007d5d00000)
  object space 86016K, 99% used [0x0000000781800000,0x0000000786b35768,0x0000000786c00000)
 PSPermGen       total 21504K, used 3224K [0x000000077c600000, 0x000000077db00000, 0x0000000781800000)
  object space 21504K, 14% used [0x000000077c600000,0x000000077c926100,0x000000077db00000)
}
Event: 6.210 GC heap before
{Heap before GC invocations=44 (full 1):
 PSYoungGen      total 212480K, used 13821K [0x00000007d5d00000, 0x00000007e6600000, 0x0000000800000000)
  eden space 198656K, 0% used [0x00000007d5d00000,0x00000007d5d00000,0x00000007e1f00000)
  from space 13824K, 99% used [0x00000007e3c00000,0x00000007e497f470,0x00000007e4980000)
  to   space 29184K, 0% used [0x00000007e4980000,0x00000007e4980000,0x00000007e6600000)
 ParOldGen       total 86016K, used 85205K [0x0000000781800000, 0x0000000786c00000, 0x00000007d5d00000)
  object space 86016K, 99% used [0x0000000781800000,0x0000000786b35768,0x0000000786c00000)
 PSPermGen       total 21504K, used 3224K [0x000000077c600000, 0x000000077db00000, 0x0000000781800000)
  object space 21504K, 14% used [0x000000077c600000,0x000000077c926100,0x000000077db00000)
Event: 6.706 GC heap after
Heap after GC invocations=44 (full 1):
 PSYoungGen      total 212480K, used 12192K [0x00000007d5d00000, 0x00000007e6600000, 0x0000000800000000)
  eden space 198656K, 0% used [0x00000007d5d00000,0x00000007d5d00000,0x00000007e1f00000)
  from space 13824K, 88% used [0x00000007e3c00000,0x00000007e47e8320,0x00000007e4980000)
  to   space 29184K, 0% used [0x00000007e4980000,0x00000007e4980000,0x00000007e6600000)
 ParOldGen       total 86016K, used 85768K [0x0000000781800000, 0x0000000786c00000, 0x00000007d5d00000)
  object space 86016K, 99% used [0x0000000781800000,0x0000000786bc21a0,0x0000000786c00000)
 PSPermGen       total 21504K, used 3222K [0x000000077c600000, 0x000000077db00000, 0x0000000781800000)
  object space 21504K, 14% used [0x000000077c600000,0x000000077c925b50,0x000000077db00000)
}

Deoptimization events (10 events):
Event: 4.969 Thread 0x0000000004480800 Uncommon trap: reason=class_check action=maybe_recompile pc=0x0000000004979524 method=java.util.regex.Pattern$CharProperty.match(Ljava/util/regex/Matcher;ILjava/lang/CharSequence;)Z @ 18
Event: 4.969 Thread 0x0000000004480800 Uncommon trap: reason=class_check action=maybe_recompile pc=0x0000000004979524 method=java.util.regex.Pattern$CharProperty.match(Ljava/util/regex/Matcher;ILjava/lang/CharSequence;)Z @ 18
Event: 4.969 Thread 0x0000000004480800 Uncommon trap: reason=class_check action=maybe_recompile pc=0x0000000004979524 method=java.util.regex.Pattern$CharProperty.match(Ljava/util/regex/Matcher;ILjava/lang/CharSequence;)Z @ 18
Event: 4.973 Thread 0x0000000004480800 Uncommon trap: reason=unloaded action=reinterpret pc=0x00000000049b189c method=java.util.regex.Pattern.closure(Ljava/util/regex/Pattern$Node;)Ljava/util/regex/Pattern$Node; @ 229
Event: 4.974 Thread 0x0000000004480800 Uncommon trap: reason=class_check action=maybe_recompile pc=0x000000000499b1c4 method=java.util.regex.Pattern$CharProperty.study(Ljava/util/regex/Pattern$TreeInfo;)Z @ 25
Event: 4.979 Thread 0x0000000004480800 Uncommon trap: reason=unreached action=reinterpret pc=0x000000000499c9ac method=java.util.regex.Pattern.compile()V @ 249
Event: 4.982 Thread 0x0000000004480800 Uncommon trap: reason=class_check action=maybe_recompile pc=0x000000000499b1c4 method=java.util.regex.Pattern$CharProperty.study(Ljava/util/regex/Pattern$TreeInfo;)Z @ 25
Event: 4.998 Thread 0x0000000004480800 Uncommon trap: reason=class_check action=maybe_recompile pc=0x000000000499b1c4 method=java.util.regex.Pattern$CharProperty.study(Ljava/util/regex/Pattern$TreeInfo;)Z @ 25
Event: 5.005 Thread 0x0000000004480800 Uncommon trap: reason=class_check action=maybe_recompile pc=0x000000000499b1c4 method=java.util.regex.Pattern$CharProperty.study(Ljava/util/regex/Pattern$TreeInfo;)Z @ 25
Event: 7.117 Thread 0x0000000004480800 Uncommon trap: reason=unreached action=reinterpret pc=0x00000000049dbc44 method=test.SplitFile.tf(Ljava/util/List;Ljava/util/List;)Ljava/util/Map; @ 230

Internal exceptions (10 events):
Event: 0.751 Thread 0x0000000004480800 Threw 0x00000007d7da3a10 at C:\re\jdk7u67\1368\hotspot\src\share\vm\prims\jvm.cpp:1244
Event: 0.752 Thread 0x0000000004480800 Threw 0x00000007d7da5a88 at C:\re\jdk7u67\1368\hotspot\src\share\vm\prims\jvm.cpp:1244
Event: 0.752 Thread 0x0000000004480800 Threw 0x00000007d7da6978 at C:\re\jdk7u67\1368\hotspot\src\share\vm\prims\jvm.cpp:1244
Event: 0.752 Thread 0x0000000004480800 Threw 0x00000007d7da83f8 at C:\re\jdk7u67\1368\hotspot\src\share\vm\prims\jvm.cpp:1244
Event: 0.752 Thread 0x0000000004480800 Threw 0x00000007d7da9238 at C:\re\jdk7u67\1368\hotspot\src\share\vm\prims\jvm.cpp:1244
Event: 0.753 Thread 0x0000000004480800 Threw 0x00000007d7daac70 at C:\re\jdk7u67\1368\hotspot\src\share\vm\prims\jvm.cpp:1244
Event: 0.753 Thread 0x0000000004480800 Threw 0x00000007d7dabb08 at C:\re\jdk7u67\1368\hotspot\src\share\vm\prims\jvm.cpp:1244
Event: 4.955 Thread 0x0000000004480800 Threw 0x00000007dba64268 at C:\re\jdk7u67\1368\hotspot\src\share\vm\prims\jvm.cpp:1244
Event: 4.965 Thread 0x0000000004480800 Threw 0x00000007dbabd038 at C:\re\jdk7u67\1368\hotspot\src\share\vm\prims\jvm.cpp:1244
Event: 7.151 Thread 0x0000000004480800 Threw 0x00000007e0402d90 at C:\re\jdk7u67\1368\hotspot\src\share\vm\prims\jvm.cpp:1244

Events (10 events):
Event: 7.151 loading class 0x000000000e5f3280
Event: 7.151 loading class 0x000000000e5f3280 done
Event: 7.152 loading class 0x00000000044f8fe0
Event: 7.152 loading class 0x00000000044f8fe0 done
Event: 7.152 loading class 0x000000000e9b0460
Event: 7.152 loading class 0x000000000e9b0460 done
Event: 7.152 loading class 0x00000000044f9070
Event: 7.152 loading class 0x00000000044f9070 done
Event: 7.153 loading class 0x00000000044f3200
Event: 7.153 loading class 0x00000000044f3200 done


Dynamic libraries:
0x00007ff6acba0000 - 0x00007ff6acbd3000 	D:\Java\jre7\bin\javaw.exe
0x00007ffd74f40000 - 0x00007ffd75120000 	C:\WINDOWS\SYSTEM32\ntdll.dll
0x00007ffd72560000 - 0x00007ffd7260e000 	C:\WINDOWS\System32\KERNEL32.DLL
0x00007ffd71f00000 - 0x00007ffd72166000 	C:\WINDOWS\System32\KERNELBASE.dll
0x00007ffd72e40000 - 0x00007ffd72ee1000 	C:\WINDOWS\System32\ADVAPI32.dll
0x00007ffd73490000 - 0x00007ffd7352d000 	C:\WINDOWS\System32\msvcrt.dll
0x00007ffd73530000 - 0x00007ffd7358b000 	C:\WINDOWS\System32\sechost.dll
0x00007ffd72a70000 - 0x00007ffd72b8f000 	C:\WINDOWS\System32\RPCRT4.dll
0x00007ffd72cb0000 - 0x00007ffd72e3f000 	C:\WINDOWS\System32\USER32.dll
0x00007ffd721c0000 - 0x00007ffd721e0000 	C:\WINDOWS\System32\win32u.dll
0x00007ffd73460000 - 0x00007ffd73488000 	C:\WINDOWS\System32\GDI32.dll
0x00007ffd71b90000 - 0x00007ffd71d23000 	C:\WINDOWS\System32\gdi32full.dll
0x00007ffd721e0000 - 0x00007ffd7227b000 	C:\WINDOWS\System32\msvcp_win.dll
0x00007ffd71a90000 - 0x00007ffd71b86000 	C:\WINDOWS\System32\ucrtbase.dll
0x00007ffd618c0000 - 0x00007ffd61b29000 	C:\WINDOWS\WinSxS\amd64_microsoft.windows.common-controls_6595b64144ccf1df_6.0.16299.125_none_15cbcf8893620c09\COMCTL32.dll
0x00007ffd73070000 - 0x00007ffd73378000 	C:\WINDOWS\System32\combase.dll
0x00007ffd72280000 - 0x00007ffd722f2000 	C:\WINDOWS\System32\bcryptPrimitives.dll
0x00007ffd72890000 - 0x00007ffd728bd000 	C:\WINDOWS\System32\IMM32.DLL
0x0000000058c10000 - 0x0000000058ce2000 	D:\Java\jre7\bin\msvcr100.dll
0x0000000058430000 - 0x0000000058c02000 	D:\Java\jre7\bin\server\jvm.dll
0x00007ffd73450000 - 0x00007ffd73458000 	C:\WINDOWS\System32\PSAPI.DLL
0x00007ffd6d260000 - 0x00007ffd6d283000 	C:\WINDOWS\SYSTEM32\WINMM.dll
0x00007ffd5d890000 - 0x00007ffd5d899000 	C:\WINDOWS\SYSTEM32\WSOCK32.dll
0x00007ffd733e0000 - 0x00007ffd7344c000 	C:\WINDOWS\System32\WS2_32.dll
0x00007ffd6d200000 - 0x00007ffd6d22a000 	C:\WINDOWS\SYSTEM32\WINMMBASE.dll
0x00007ffd72170000 - 0x00007ffd721ba000 	C:\WINDOWS\System32\cfgmgr32.dll
0x0000000058420000 - 0x000000005842f000 	D:\Java\jre7\bin\verify.dll
0x00000000583f0000 - 0x0000000058418000 	D:\Java\jre7\bin\java.dll
0x00000000583d0000 - 0x00000000583e5000 	D:\Java\jre7\bin\zip.dll

VM Arguments:
jvm_args: -Dfile.encoding=UTF-8 
java_command: test.Main
Launcher Type: SUN_STANDARD

Environment Variables:
JAVA_HOME=D:\Java\jdk1.8.0_111
PATH=C:\Program Files (x86)\Intel\iCLS Client\;C:\Program Files\Intel\iCLS Client\;C:\WINDOWS\system32;C:\WINDOWS;C:\WINDOWS\System32\Wbem;C:\WINDOWS\System32\WindowsPowerShell\v1.0\;C:\Program Files (x86)\Intel\Intel(R) Management Engine Components\DAL;C:\Program Files\Intel\Intel(R) Management Engine Components\DAL;C:\Program Files (x86)\Intel\Intel(R) Management Engine Components\IPT;C:\Program Files\Intel\Intel(R) Management Engine Components\IPT;D:\Java\jdk1.8.0_111\bin;D:\Java\jdk1.8.0_111\jre\bin;D:\GitGUI\Git\cmd;C:\Program Files\Intel\WiFi\bin\;C:\Program Files\Common Files\Intel\WirelessCommon\;D:\Rational Rose\common;D:\Python27\Scripts;D:\Python27;D:\scala\bin;D:\Apache Spark\spark-1.6.2-bin-hadoop2.6\bin;C:\Users\Ф\AppData\Local\Microsoft\WindowsApps;
USERNAME=Ф
OS=Windows_NT
PROCESSOR_IDENTIFIER=Intel64 Family 6 Model 78 Stepping 3, GenuineIntel



---------------  S Y S T E M  ---------------

OS: Windows 8.1 , 64 bit Build 9600 

CPU:total 4 (2 cores per cpu, 2 threads per core) family 6 model 78 stepping 3, cmov, cx8, fxsr, mmx, sse, sse2, sse3, ssse3, sse4.1, sse4.2, popcnt, avx, avx2, erms, ht, tsc, tscinvbit

Memory: 4k page, physical 8283600k(1207984k free), swap 23790508k(4516k free)

vm_info: Java HotSpot(TM) 64-Bit Server VM (24.65-b04) for windows-amd64 JRE (1.7.0_67-b01), built on Jul 25 2014 08:55:00 by "java_re" with unknown MS VC++:1600

time: Thu Jan 11 02:41:05 2018
elapsed time: 7 seconds

